# JRE version: OpenJDK Runtime Environment (8.0_152-b02) (build 1.8.0_152-release-1024-b02)
# Java VM: OpenJDK 64-Bit Server VM (25.152-b02 mixed mode windows-amd64 compressed oops)
Heap:
 PSYoungGen      total 168960K, used 13342K [0x00000000e0000000, 0x00000000ece80000, 0x0000000100000000)
  eden space 145920K, 1% used [0x00000000e0000000,0x00000000e02ca7b0,0x00000000e8e80000)
  from space 23040K, 45% used [0x00000000e8e80000,0x00000000e98bd240,0x00000000ea500000)
  to   space 22016K, 0% used [0x00000000eb900000,0x00000000eb900000,0x00000000ece80000)
 ParOldGen       total 145408K, used 81090K [0x00000000a0000000, 0x00000000a8e00000, 0x00000000e0000000)
  object space 145408K, 55% used [0x00000000a0000000,0x00000000a4f30b10,0x00000000a8e00000)
 Metaspace       used 89493K, capacity 94334K, committed 94592K, reserved 1130496K
  class space    used 11524K, capacity 12634K, committed 12672K, reserved 1048576K
GC Heap History (10 events):
Event: 5732.107 GC heap before
{Heap before GC invocations=26 (full 3):
 PSYoungGen      total 158208K, used 158083K [0x00000000e0000000, 0x00000000eb700000, 0x0000000100000000)
  eden space 150016K, 100% used [0x00000000e0000000,0x00000000e9280000,0x00000000e9280000)
  from space 8192K, 98% used [0x00000000eaf00000,0x00000000eb6e0dd8,0x00000000eb700000)
  to   space 15360K, 0% used [0x00000000e9900000,0x00000000e9900000,0x00000000ea800000)
 ParOldGen       total 145408K, used 62835K [0x00000000a0000000, 0x00000000a8e00000, 0x00000000e0000000)
  object space 145408K, 43% used [0x00000000a0000000,0x00000000a3d5cc28,0x00000000a8e00000)
 Metaspace       used 86657K, capacity 91028K, committed 91264K, reserved 1128448K
  class space    used 11160K, capacity 12139K, committed 12160K, reserved 1048576K
Event: 5732.119 GC heap after
Heap after GC invocations=26 (full 3):
 PSYoungGen      total 157696K, used 11878K [0x00000000e0000000, 0x00000000eaf80000, 0x0000000100000000)
  eden space 145408K, 0% used [0x00000000e0000000,0x00000000e0000000,0x00000000e8e00000)
  from space 12288K, 96% used [0x00000000e9900000,0x00000000ea499b50,0x00000000ea500000)
  to   space 10752K, 0% used [0x00000000ea500000,0x00000000ea500000,0x00000000eaf80000)
 ParOldGen       total 145408K, used 62843K [0x00000000a0000000, 0x00000000a8e00000, 0x00000000e0000000)
  object space 145408K, 43% used [0x00000000a0000000,0x00000000a3d5ec28,0x00000000a8e00000)
 Metaspace       used 86657K, capacity 91028K, committed 91264K, reserved 1128448K
  class space    used 11160K, capacity 12139K, committed 12160K, reserved 1048576K
}
Event: 5735.051 GC heap before
{Heap before GC invocations=27 (full 3):
 PSYoungGen      total 157696K, used 156400K [0x00000000e0000000, 0x00000000eaf80000, 0x0000000100000000)
  eden space 145408K, 99% used [0x00000000e0000000,0x00000000e8d226b0,0x00000000e8e00000)
  from space 12288K, 96% used [0x00000000e9900000,0x00000000ea499b50,0x00000000ea500000)
  to   space 10752K, 0% used [0x00000000ea500000,0x00000000ea500000,0x00000000eaf80000)
 ParOldGen       total 145408K, used 62843K [0x00000000a0000000, 0x00000000a8e00000, 0x00000000e0000000)
  object space 145408K, 43% used [0x00000000a0000000,0x00000000a3d5ec28,0x00000000a8e00000)
 Metaspace       used 87812K, capacity 92292K, committed 92544K, reserved 1130496K
  class space    used 11309K, capacity 12363K, committed 12416K, reserved 1048576K
Event: 5735.082 GC heap after
Heap after GC invocations=27 (full 3):
 PSYoungGen      total 152064K, used 10735K [0x00000000e0000000, 0x00000000eb400000, 0x0000000100000000)
  eden space 141312K, 0% used [0x00000000e0000000,0x00000000e0000000,0x00000000e8a00000)
  from space 10752K, 99% used [0x00000000ea500000,0x00000000eaf7bda8,0x00000000eaf80000)
  to   space 21504K, 0% used [0x00000000e8a00000,0x00000000e8a00000,0x00000000e9f00000)
 ParOldGen       total 145408K, used 76960K [0x00000000a0000000, 0x00000000a8e00000, 0x00000000e0000000)
  object space 145408K, 52% used [0x00000000a0000000,0x00000000a4b28168,0x00000000a8e00000)
 Metaspace       used 87812K, capacity 92292K, committed 92544K, reserved 1130496K
  class space    used 11309K, capacity 12363K, committed 12416K, reserved 1048576K
}
Event: 5735.161 GC heap before
{Heap before GC invocations=28 (full 3):
 PSYoungGen      total 152064K, used 151691K [0x00000000e0000000, 0x00000000eb400000, 0x0000000100000000)
  eden space 141312K, 99% used [0x00000000e0000000,0x00000000e89a6e80,0x00000000e8a00000)
  from space 10752K, 99% used [0x00000000ea500000,0x00000000eaf7bda8,0x00000000eaf80000)
  to   space 21504K, 0% used [0x00000000e8a00000,0x00000000e8a00000,0x00000000e9f00000)
 ParOldGen       total 145408K, used 76960K [0x00000000a0000000, 0x00000000a8e00000, 0x00000000e0000000)
  object space 145408K, 52% used [0x00000000a0000000,0x00000000a4b28168,0x00000000a8e00000)
 Metaspace       used 87894K, capacity 92430K, committed 92544K, reserved 1130496K
  class space    used 11323K, capacity 12406K, committed 12416K, reserved 1048576K
Event: 5735.170 GC heap after
Heap after GC invocations=28 (full 3):
 PSYoungGen      total 162816K, used 21034K [0x00000000e0000000, 0x00000000eb400000, 0x0000000100000000)
  eden space 141312K, 0% used [0x00000000e0000000,0x00000000e0000000,0x00000000e8a00000)
  from space 21504K, 97% used [0x00000000e8a00000,0x00000000e9e8a8c0,0x00000000e9f00000)
  to   space 10752K, 0% used [0x00000000ea500000,0x00000000ea500000,0x00000000eaf80000)
 ParOldGen       total 145408K, used 77484K [0x00000000a0000000, 0x00000000a8e00000, 0x00000000e0000000)
  object space 145408K, 53% used [0x00000000a0000000,0x00000000a4bab1b8,0x00000000a8e00000)
 Metaspace       used 87894K, capacity 92430K, committed 92544K, reserved 1130496K
  class space    used 11323K, capacity 12406K, committed 12416K, reserved 1048576K
}
Event: 5735.730 GC heap before
{Heap before GC invocations=29 (full 3):
 PSYoungGen      total 162816K, used 162346K [0x00000000e0000000, 0x00000000eb400000, 0x0000000100000000)
  eden space 141312K, 100% used [0x00000000e0000000,0x00000000e8a00000,0x00000000e8a00000)
  from space 21504K, 97% used [0x00000000e8a00000,0x00000000e9e8a8c0,0x00000000e9f00000)
  to   space 10752K, 0% used [0x00000000ea500000,0x00000000ea500000,0x00000000eaf80000)
 ParOldGen       total 145408K, used 77484K [0x00000000a0000000, 0x00000000a8e00000, 0x00000000e0000000)
  object space 145408K, 53% used [0x00000000a0000000,0x00000000a4bab1b8,0x00000000a8e00000)
 Metaspace       used 88291K, capacity 92970K, committed 93184K, reserved 1130496K
  class space    used 11384K, capacity 12492K, committed 12544K, reserved 1048576K
Event: 5735.739 GC heap after
Heap after GC invocations=29 (full 3):
 PSYoungGen      total 156672K, used 10551K [0x00000000e0000000, 0x00000000ecd00000, 0x0000000100000000)
  eden space 145920K, 0% used [0x00000000e0000000,0x00000000e0000000,0x00000000e8e80000)
  from space 10752K, 98% used [0x00000000ea500000,0x00000000eaf4dff0,0x00000000eaf80000)
  to   space 23040K, 0% used [0x00000000e8e80000,0x00000000e8e80000,0x00000000ea500000)
 ParOldGen       total 145408K, used 77904K [0x00000000a0000000, 0x00000000a8e00000, 0x00000000e0000000)
  object space 145408K, 53% used [0x00000000a0000000,0x00000000a4c141d8,0x00000000a8e00000)
 Metaspace       used 88291K, capacity 92970K, committed 93184K, reserved 1130496K
  class space    used 11384K, capacity 12492K, committed 12544K, reserved 1048576K
}
Event: 5740.434 GC heap before
{Heap before GC invocations=30 (full 3):
 PSYoungGen      total 156672K, used 156471K [0x00000000e0000000, 0x00000000ecd00000, 0x0000000100000000)
  eden space 145920K, 100% used [0x00000000e0000000,0x00000000e8e80000,0x00000000e8e80000)
  from space 10752K, 98% used [0x00000000ea500000,0x00000000eaf4dff0,0x00000000eaf80000)
  to   space 23040K, 0% used [0x00000000e8e80000,0x00000000e8e80000,0x00000000ea500000)
 ParOldGen       total 145408K, used 77904K [0x00000000a0000000, 0x00000000a8e00000, 0x00000000e0000000)
  object space 145408K, 53% used [0x00000000a0000000,0x00000000a4c141d8,0x00000000a8e00000)
 Metaspace       used 89486K, capacity 94334K, committed 94592K, reserved 1130496K
  class space    used 11524K, capacity 12634K, committed 12672K, reserved 1048576K
Event: 5740.467 GC heap after
Heap after GC invocations=30 (full 3):
 PSYoungGen      total 168960K, used 10484K [0x00000000e0000000, 0x00000000ece80000, 0x0000000100000000)
  eden space 145920K, 0% used [0x00000000e0000000,0x00000000e0000000,0x00000000e8e80000)
  from space 23040K, 45% used [0x00000000e8e80000,0x00000000e98bd240,0x00000000ea500000)
  to   space 22016K, 0% used [0x00000000eb900000,0x00000000eb900000,0x00000000ece80000)
 ParOldGen       total 145408K, used 81090K [0x00000000a0000000, 0x00000000a8e00000, 0x00000000e0000000)
  object space 145408K, 55% used [0x00000000a0000000,0x00000000a4f30b10,0x00000000a8e00000)
 Metaspace       used 89486K, capacity 94334K, committed 94592K, reserved 1130496K
  class space    used 11524K, capacity 12634K, committed 12672K, reserved 1048576K
}

